Traceback (most recent call last):
  File "/home/runner/.cache/pypoetry/virtualenvs/mtbp3-STzYEG9e-py3.10/lib/python3.10/site-packages/jupyter_cache/executors/utils.py", line 58, in single_nb_execution
    executenb(
  File "/home/runner/.cache/pypoetry/virtualenvs/mtbp3-STzYEG9e-py3.10/lib/python3.10/site-packages/nbclient/client.py", line 1314, in execute
    return NotebookClient(nb=nb, resources=resources, km=km, **kwargs).execute()
  File "/home/runner/.cache/pypoetry/virtualenvs/mtbp3-STzYEG9e-py3.10/lib/python3.10/site-packages/jupyter_core/utils/__init__.py", line 165, in wrapped
    return loop.run_until_complete(inner)
  File "/opt/hostedtoolcache/Python/3.10.13/x64/lib/python3.10/asyncio/base_events.py", line 649, in run_until_complete
    return future.result()
  File "/home/runner/.cache/pypoetry/virtualenvs/mtbp3-STzYEG9e-py3.10/lib/python3.10/site-packages/nbclient/client.py", line 709, in async_execute
    await self.async_execute_cell(
  File "/home/runner/.cache/pypoetry/virtualenvs/mtbp3-STzYEG9e-py3.10/lib/python3.10/site-packages/nbclient/client.py", line 1062, in async_execute_cell
    await self._check_raise_for_error(cell, cell_index, exec_reply)
  File "/home/runner/.cache/pypoetry/virtualenvs/mtbp3-STzYEG9e-py3.10/lib/python3.10/site-packages/nbclient/client.py", line 918, in _check_raise_for_error
    raise CellExecutionError.from_cell_and_msg(cell, exec_reply_content)
nbclient.exceptions.CellExecutionError: An error occurred while executing the following cell:
------------------
print('\n'.join(emt.show_fmq_tree(fmq_list[:2], with_soc=True)))

------------------


[0;31m---------------------------------------------------------------------------[0m
[0;31mKeyError[0m                                  Traceback (most recent call last)
File [0;32m~/.cache/pypoetry/virtualenvs/mtbp3-STzYEG9e-py3.10/lib/python3.10/site-packages/pandas/core/indexes/base.py:3805[0m, in [0;36mIndex.get_loc[0;34m(self, key)[0m
[1;32m   3804[0m [38;5;28;01mtry[39;00m:
[0;32m-> 3805[0m     [38;5;28;01mreturn[39;00m [38;5;28;43mself[39;49m[38;5;241;43m.[39;49m[43m_engine[49m[38;5;241;43m.[39;49m[43mget_loc[49m[43m([49m[43mcasted_key[49m[43m)[49m
[1;32m   3806[0m [38;5;28;01mexcept[39;00m [38;5;167;01mKeyError[39;00m [38;5;28;01mas[39;00m err:

File [0;32mindex.pyx:167[0m, in [0;36mpandas._libs.index.IndexEngine.get_loc[0;34m()[0m

File [0;32mindex.pyx:196[0m, in [0;36mpandas._libs.index.IndexEngine.get_loc[0;34m()[0m

File [0;32mpandas/_libs/hashtable_class_helper.pxi:7081[0m, in [0;36mpandas._libs.hashtable.PyObjectHashTable.get_item[0;34m()[0m

File [0;32mpandas/_libs/hashtable_class_helper.pxi:7089[0m, in [0;36mpandas._libs.hashtable.PyObjectHashTable.get_item[0;34m()[0m

[0;31mKeyError[0m: 0

The above exception was the direct cause of the following exception:

[0;31mKeyError[0m                                  Traceback (most recent call last)
Cell [0;32mIn[6], line 1[0m
[0;32m----> 1[0m [38;5;28mprint[39m([38;5;124m'[39m[38;5;130;01m\n[39;00m[38;5;124m'[39m[38;5;241m.[39mjoin([43memt[49m[38;5;241;43m.[39;49m[43mshow_fmq_tree[49m[43m([49m[43mfmq_list[49m[43m[[49m[43m:[49m[38;5;241;43m2[39;49m[43m][49m[43m,[49m[43m [49m[43mwith_soc[49m[38;5;241;43m=[39;49m[38;5;28;43;01mTrue[39;49;00m[43m)[49m))

File [0;32m~/work/mtbp3/mtbp3/mtbp3/health/emt.py:737[0m, in [0;36mEmt.show_fmq_tree[0;34m(self, fmq, with_soc, ignore_case)[0m
[1;32m    735[0m     pt_given_soc [38;5;241m=[39m [38;5;28mself[39m[38;5;241m.[39mfind_pt_given_soc(soc[38;5;241m=[39msoc_list[:[38;5;241m3[39m], primary_soc_only[38;5;241m=[39m[38;5;28;01mTrue[39;00m)
[1;32m    736[0m     pt_given_soc_sample [38;5;241m=[39m pt_given_soc[38;5;241m.[39msample(n[38;5;241m=[39m[38;5;28mlen[39m(pt_df), replace[38;5;241m=[39m[38;5;28;01mTrue[39;00m)
[0;32m--> 737[0m     soc_df [38;5;241m=[39m [38;5;28;43mself[39;49m[38;5;241;43m.[39;49m[43mfind_soc_given_pt[49m[43m([49m[43mpt[49m[38;5;241;43m=[39;49m[43mpt_given_soc_sample[49m[43m[[49m[38;5;124;43m'[39;49m[38;5;124;43mpt[39;49m[38;5;124;43m'[39;49m[43m][49m[43m,[49m[43m [49m[43mprimary_only[49m[38;5;241;43m=[39;49m[38;5;28;43;01mTrue[39;49;00m[43m,[49m[43m [49m[43mignore_case[49m[38;5;241;43m=[39;49m[43mignore_case[49m[43m)[49m
[1;32m    738[0m     pt_df[[38;5;124m'[39m[38;5;124msoc[39m[38;5;124m'[39m] [38;5;241m=[39m soc_df[[38;5;124m'[39m[38;5;124msoc[39m[38;5;124m'[39m]
[1;32m    739[0m [38;5;28;01melse[39;00m:

File [0;32m~/work/mtbp3/mtbp3/mtbp3/health/emt.py:461[0m, in [0;36mEmt.find_soc_given_pt[0;34m(self, pt, primary_only, ignore_case)[0m
[1;32m    459[0m     pt_id [38;5;241m=[39m pt
[1;32m    460[0m [38;5;28;01melse[39;00m:
[0;32m--> 461[0m     pt_id [38;5;241m=[39m [38;5;28;43mself[39;49m[38;5;241;43m.[39;49m[43mfind_pt[49m[43m([49m[43mpt[49m[43m,[49m[43m [49m[43mignore_case[49m[38;5;241;43m=[39;49m[43mignore_case[49m[43m)[49m
[1;32m    463[0m pt_soc [38;5;241m=[39m df[[[38;5;241m0[39m,[38;5;241m4[39m, [38;5;241m3[39m,[38;5;241m7[39m, [38;5;241m11[39m]]
[1;32m    464[0m pt_soc[38;5;241m.[39mcolumns[38;5;241m=[39m[[38;5;124m'[39m[38;5;124mpt_id[39m[38;5;124m'[39m, [38;5;124m'[39m[38;5;124mpt[39m[38;5;124m'[39m, [38;5;124m'[39m[38;5;124msoc_id[39m[38;5;124m'[39m,[38;5;124m'[39m[38;5;124msoc[39m[38;5;124m'[39m,[38;5;124m'[39m[38;5;124mprimary[39m[38;5;124m'[39m]

File [0;32m~/work/mtbp3/mtbp3/mtbp3/health/emt.py:230[0m, in [0;36mEmt.find_pt[0;34m(self, terms, ignore_case)[0m
[1;32m    216[0m [38;5;28;01mdef[39;00m [38;5;21mfind_pt[39m([38;5;28mself[39m, terms[38;5;241m=[39m[], ignore_case[38;5;241m=[39m[38;5;28;01mFalse[39;00m):
[1;32m    217[0m [38;5;250m        [39m[38;5;124;03m"""[39;00m
[1;32m    218[0m [38;5;124;03m        Find all unique PT terms.[39;00m
[1;32m    219[0m 
[0;32m   (...)[0m
[1;32m    228[0m [38;5;124;03m            AssertionError: If terms is not a list.[39;00m
[1;32m    229[0m [38;5;124;03m        """[39;00m
[0;32m--> 230[0m         [38;5;28;01mreturn[39;00m [38;5;28;43mself[39;49m[38;5;241;43m.[39;49m[43mfind_term_wi_level[49m[43m([49m[43mterms[49m[43m,[49m[43m [49m[43mignore_case[49m[43m,[49m[43m [49m[43mlevel[49m[38;5;241;43m=[39;49m[38;5;241;43m4[39;49m[43m)[49m

File [0;32m~/work/mtbp3/mtbp3/mtbp3/health/emt.py:358[0m, in [0;36mEmt.find_term_wi_level[0;34m(self, terms, ignore_case, level, llt_current_only)[0m
[1;32m    356[0m             out [38;5;241m=[39m pd[38;5;241m.[39mmerge(terms_df, subset, left_on[38;5;241m=[39mterms_df[[38;5;241m0[39m][38;5;241m.[39mstr[38;5;241m.[39mlower(), right_on[38;5;241m=[39msubset[id1][38;5;241m.[39mstr[38;5;241m.[39mlower(), how[38;5;241m=[39m[38;5;124m'[39m[38;5;124mleft[39m[38;5;124m'[39m, sort[38;5;241m=[39m[38;5;28;01mFalse[39;00m)[id0][38;5;241m.[39mtolist()
[1;32m    357[0m         [38;5;28;01melse[39;00m:
[0;32m--> 358[0m             out [38;5;241m=[39m [43mpd[49m[38;5;241;43m.[39;49m[43mmerge[49m[43m([49m[43mterms_df[49m[43m,[49m[43m [49m[43msubset[49m[43m,[49m[43m [49m[43mleft_on[49m[38;5;241;43m=[39;49m[38;5;241;43m0[39;49m[43m,[49m[43m [49m[43mright_on[49m[38;5;241;43m=[39;49m[43mid1[49m[43m,[49m[43m [49m[43mhow[49m[38;5;241;43m=[39;49m[38;5;124;43m'[39;49m[38;5;124;43mleft[39;49m[38;5;124;43m'[39;49m[43m,[49m[43m [49m[43msort[49m[38;5;241;43m=[39;49m[38;5;28;43;01mFalse[39;49;00m[43m)[49m[43m[[49m[43mid0[49m[43m][49m[38;5;241m.[39mtolist()
[1;32m    359[0m [38;5;28;01melse[39;00m:
[1;32m    360[0m     out [38;5;241m=[39m subset[id1][38;5;241m.[39mtolist()

File [0;32m~/.cache/pypoetry/virtualenvs/mtbp3-STzYEG9e-py3.10/lib/python3.10/site-packages/pandas/core/frame.py:4090[0m, in [0;36mDataFrame.__getitem__[0;34m(self, key)[0m
[1;32m   4088[0m [38;5;28;01mif[39;00m [38;5;28mself[39m[38;5;241m.[39mcolumns[38;5;241m.[39mnlevels [38;5;241m>[39m [38;5;241m1[39m:
[1;32m   4089[0m     [38;5;28;01mreturn[39;00m [38;5;28mself[39m[38;5;241m.[39m_getitem_multilevel(key)
[0;32m-> 4090[0m indexer [38;5;241m=[39m [38;5;28;43mself[39;49m[38;5;241;43m.[39;49m[43mcolumns[49m[38;5;241;43m.[39;49m[43mget_loc[49m[43m([49m[43mkey[49m[43m)[49m
[1;32m   4091[0m [38;5;28;01mif[39;00m is_integer(indexer):
[1;32m   4092[0m     indexer [38;5;241m=[39m [indexer]

File [0;32m~/.cache/pypoetry/virtualenvs/mtbp3-STzYEG9e-py3.10/lib/python3.10/site-packages/pandas/core/indexes/base.py:3812[0m, in [0;36mIndex.get_loc[0;34m(self, key)[0m
[1;32m   3807[0m     [38;5;28;01mif[39;00m [38;5;28misinstance[39m(casted_key, [38;5;28mslice[39m) [38;5;129;01mor[39;00m (
[1;32m   3808[0m         [38;5;28misinstance[39m(casted_key, abc[38;5;241m.[39mIterable)
[1;32m   3809[0m         [38;5;129;01mand[39;00m [38;5;28many[39m([38;5;28misinstance[39m(x, [38;5;28mslice[39m) [38;5;28;01mfor[39;00m x [38;5;129;01min[39;00m casted_key)
[1;32m   3810[0m     ):
[1;32m   3811[0m         [38;5;28;01mraise[39;00m InvalidIndexError(key)
[0;32m-> 3812[0m     [38;5;28;01mraise[39;00m [38;5;167;01mKeyError[39;00m(key) [38;5;28;01mfrom[39;00m [38;5;21;01merr[39;00m
[1;32m   3813[0m [38;5;28;01mexcept[39;00m [38;5;167;01mTypeError[39;00m:
[1;32m   3814[0m     [38;5;66;03m# If we have a listlike key, _check_indexing_error will raise[39;00m
[1;32m   3815[0m     [38;5;66;03m#  InvalidIndexError. Otherwise we fall through and re-raise[39;00m
[1;32m   3816[0m     [38;5;66;03m#  the TypeError.[39;00m
[1;32m   3817[0m     [38;5;28mself[39m[38;5;241m.[39m_check_indexing_error(key)

[0;31mKeyError[0m: 0

