Traceback (most recent call last):
  File "/home/runner/.cache/pypoetry/virtualenvs/mtbp3-STzYEG9e-py3.10/lib/python3.10/site-packages/jupyter_cache/executors/utils.py", line 58, in single_nb_execution
    executenb(
  File "/home/runner/.cache/pypoetry/virtualenvs/mtbp3-STzYEG9e-py3.10/lib/python3.10/site-packages/nbclient/client.py", line 1314, in execute
    return NotebookClient(nb=nb, resources=resources, km=km, **kwargs).execute()
  File "/home/runner/.cache/pypoetry/virtualenvs/mtbp3-STzYEG9e-py3.10/lib/python3.10/site-packages/jupyter_core/utils/__init__.py", line 165, in wrapped
    return loop.run_until_complete(inner)
  File "/opt/hostedtoolcache/Python/3.10.15/x64/lib/python3.10/asyncio/base_events.py", line 649, in run_until_complete
    return future.result()
  File "/home/runner/.cache/pypoetry/virtualenvs/mtbp3-STzYEG9e-py3.10/lib/python3.10/site-packages/nbclient/client.py", line 709, in async_execute
    await self.async_execute_cell(
  File "/home/runner/.cache/pypoetry/virtualenvs/mtbp3-STzYEG9e-py3.10/lib/python3.10/site-packages/nbclient/client.py", line 1062, in async_execute_cell
    await self._check_raise_for_error(cell, cell_index, exec_reply)
  File "/home/runner/.cache/pypoetry/virtualenvs/mtbp3-STzYEG9e-py3.10/lib/python3.10/site-packages/nbclient/client.py", line 918, in _check_raise_for_error
    raise CellExecutionError.from_cell_and_msg(cell, exec_reply_content)
nbclient.exceptions.CellExecutionError: An error occurred while executing the following cell:
------------------
print('\n'.join(vmr.find_rows_given_str(search_strings="lentivirus", search_rank="Genus", color="red", outfmt='tree', exact=True, tree_style="drop")))
------------------


[0;31m---------------------------------------------------------------------------[0m
[0;31mKeyError[0m                                  Traceback (most recent call last)
File [0;32m~/.cache/pypoetry/virtualenvs/mtbp3-STzYEG9e-py3.10/lib/python3.10/site-packages/pandas/core/indexes/base.py:3805[0m, in [0;36mIndex.get_loc[0;34m(self, key)[0m
[1;32m   3804[0m [38;5;28;01mtry[39;00m:
[0;32m-> 3805[0m     [38;5;28;01mreturn[39;00m [38;5;28;43mself[39;49m[38;5;241;43m.[39;49m[43m_engine[49m[38;5;241;43m.[39;49m[43mget_loc[49m[43m([49m[43mcasted_key[49m[43m)[49m
[1;32m   3806[0m [38;5;28;01mexcept[39;00m [38;5;167;01mKeyError[39;00m [38;5;28;01mas[39;00m err:

File [0;32mindex.pyx:167[0m, in [0;36mpandas._libs.index.IndexEngine.get_loc[0;34m()[0m

File [0;32mindex.pyx:196[0m, in [0;36mpandas._libs.index.IndexEngine.get_loc[0;34m()[0m

File [0;32mpandas/_libs/hashtable_class_helper.pxi:2606[0m, in [0;36mpandas._libs.hashtable.Int64HashTable.get_item[0;34m()[0m

File [0;32mpandas/_libs/hashtable_class_helper.pxi:2630[0m, in [0;36mpandas._libs.hashtable.Int64HashTable.get_item[0;34m()[0m

[0;31mKeyError[0m: 19

The above exception was the direct cause of the following exception:

[0;31mKeyError[0m                                  Traceback (most recent call last)
Cell [0;32mIn[13], line 1[0m
[0;32m----> 1[0m [38;5;28mprint[39m([38;5;124m'[39m[38;5;130;01m\n[39;00m[38;5;124m'[39m[38;5;241m.[39mjoin([43mvmr[49m[38;5;241;43m.[39;49m[43mfind_rows_given_str[49m[43m([49m[43msearch_strings[49m[38;5;241;43m=[39;49m[38;5;124;43m"[39;49m[38;5;124;43mlentivirus[39;49m[38;5;124;43m"[39;49m[43m,[49m[43m [49m[43msearch_rank[49m[38;5;241;43m=[39;49m[38;5;124;43m"[39;49m[38;5;124;43mGenus[39;49m[38;5;124;43m"[39;49m[43m,[49m[43m [49m[43mcolor[49m[38;5;241;43m=[39;49m[38;5;124;43m"[39;49m[38;5;124;43mred[39;49m[38;5;124;43m"[39;49m[43m,[49m[43m [49m[43moutfmt[49m[38;5;241;43m=[39;49m[38;5;124;43m'[39;49m[38;5;124;43mtree[39;49m[38;5;124;43m'[39;49m[43m,[49m[43m [49m[43mexact[49m[38;5;241;43m=[39;49m[38;5;28;43;01mTrue[39;49;00m[43m,[49m[43m [49m[43mtree_style[49m[38;5;241;43m=[39;49m[38;5;124;43m"[39;49m[38;5;124;43mdrop[39;49m[38;5;124;43m"[39;49m[43m)[49m))

File [0;32m~/work/mtbp3/mtbp3/mtbp3/seq/ictvvmrview.py:218[0m, in [0;36mictvvmr.find_rows_given_str[0;34m(self, search_strings, search_rank, color, narrow, outfmt, exact, search_within_subset, tree_style)[0m
[1;32m    216[0m     [38;5;28;01mreturn[39;00m filtered_df
[1;32m    217[0m [38;5;28;01melif[39;00m outfmt [38;5;241m==[39m [38;5;124m"[39m[38;5;124mtree[39m[38;5;124m"[39m:
[0;32m--> 218[0m     filtered_df [38;5;241m=[39m [38;5;28;43mself[39;49m[38;5;241;43m.[39;49m[43mmake_narrow[49m[43m([49m[43mfiltered_df[49m[43m,[49m[43m [49m[43mmethod[49m[38;5;241;43m=[39;49m[43mtree_style[49m[43m)[49m
[1;32m    219[0m     filtered_df [38;5;241m=[39m filtered_df[38;5;241m.[39mfillna([38;5;124m"[39m[38;5;124mNA[39m[38;5;124m"[39m)
[1;32m    220[0m     filtered_df [38;5;241m=[39m filtered_df[38;5;241m.[39miloc[:, [38;5;241m3[39m:]

File [0;32m~/work/mtbp3/mtbp3/mtbp3/seq/ictvvmrview.py:115[0m, in [0;36mictvvmr.make_narrow[0;34m(vmr, method)[0m
[1;32m    113[0m     index1 [38;5;241m=[39m vmr[38;5;241m.[39mcolumns[38;5;241m.[39mget_loc([38;5;124m'[39m[38;5;124mVirus name(s)[39m[38;5;124m'[39m)
[1;32m    114[0m     index2 [38;5;241m=[39m vmr[38;5;241m.[39mcolumns[38;5;241m.[39mget_loc([38;5;124m'[39m[38;5;124mVirus isolate designation[39m[38;5;124m'[39m)
[0;32m--> 115[0m     vmr[38;5;241m.[39miloc[:, index1] [38;5;241m=[39m [43mvmr[49m[38;5;241;43m.[39;49m[43mapply[49m[43m([49m[38;5;28;43;01mlambda[39;49;00m[43m [49m[43mrow[49m[43m:[49m[43m [49m[43mrow[49m[43m[[49m[43mindex1[49m[43m][49m[38;5;241;43m.[39;49m[43mreplace[49m[43m([49m[38;5;124;43m'[39;49m[38;5;124;43m\[39;49m[38;5;124;43m/[39;49m[38;5;124;43m'[39;49m[43m,[49m[43m [49m[38;5;124;43m'[39;49m[38;5;124;43m_[39;49m[38;5;124;43m'[39;49m[43m)[49m[43m [49m[38;5;28;43;01mif[39;49;00m[43m [49m[38;5;28;43misinstance[39;49m[43m([49m[43mrow[49m[43m[[49m[43mindex1[49m[43m][49m[43m,[49m[43m [49m[38;5;28;43mstr[39;49m[43m)[49m[43m [49m[38;5;28;43;01melse[39;49;00m[43m [49m[43mrow[49m[43m[[49m[43mindex1[49m[43m][49m[43m)[49m
[1;32m    116[0m     vmr[38;5;241m.[39miloc[:, index2] [38;5;241m=[39m vmr[38;5;241m.[39mapply([38;5;28;01mlambda[39;00m row: row[index2][38;5;241m.[39mreplace([38;5;124m'[39m[38;5;124m\[39m[38;5;124m/[39m[38;5;124m'[39m, [38;5;124m'[39m[38;5;124m_[39m[38;5;124m'[39m) [38;5;28;01mif[39;00m [38;5;28misinstance[39m(row[index2], [38;5;28mstr[39m) [38;5;28;01melse[39;00m row[index2])
[1;32m    117[0m [38;5;28;01mif[39;00m [38;5;124m'[39m[38;5;124mVirus name(s)[39m[38;5;124m'[39m [38;5;129;01min[39;00m vmr[38;5;241m.[39mcolumns [38;5;129;01mand[39;00m [38;5;124m'[39m[38;5;124mVirus isolate designation[39m[38;5;124m'[39m [38;5;129;01min[39;00m vmr[38;5;241m.[39mcolumns [38;5;129;01mand[39;00m [38;5;124m'[39m[38;5;124mVirus GENBANK accession[39m[38;5;124m'[39m [38;5;129;01min[39;00m vmr[38;5;241m.[39mcolumns [38;5;129;01mand[39;00m [38;5;124m'[39m[38;5;124mExemplar or additional isolate[39m[38;5;124m'[39m [38;5;129;01min[39;00m vmr[38;5;241m.[39mcolumns:

File [0;32m~/.cache/pypoetry/virtualenvs/mtbp3-STzYEG9e-py3.10/lib/python3.10/site-packages/pandas/core/frame.py:10374[0m, in [0;36mDataFrame.apply[0;34m(self, func, axis, raw, result_type, args, by_row, engine, engine_kwargs, **kwargs)[0m
[1;32m  10360[0m [38;5;28;01mfrom[39;00m [38;5;21;01mpandas[39;00m[38;5;21;01m.[39;00m[38;5;21;01mcore[39;00m[38;5;21;01m.[39;00m[38;5;21;01mapply[39;00m [38;5;28;01mimport[39;00m frame_apply
[1;32m  10362[0m op [38;5;241m=[39m frame_apply(
[1;32m  10363[0m     [38;5;28mself[39m,
[1;32m  10364[0m     func[38;5;241m=[39mfunc,
[0;32m   (...)[0m
[1;32m  10372[0m     kwargs[38;5;241m=[39mkwargs,
[1;32m  10373[0m )
[0;32m> 10374[0m [38;5;28;01mreturn[39;00m [43mop[49m[38;5;241;43m.[39;49m[43mapply[49m[43m([49m[43m)[49m[38;5;241m.[39m__finalize__([38;5;28mself[39m, method[38;5;241m=[39m[38;5;124m"[39m[38;5;124mapply[39m[38;5;124m"[39m)

File [0;32m~/.cache/pypoetry/virtualenvs/mtbp3-STzYEG9e-py3.10/lib/python3.10/site-packages/pandas/core/apply.py:916[0m, in [0;36mFrameApply.apply[0;34m(self)[0m
[1;32m    913[0m [38;5;28;01melif[39;00m [38;5;28mself[39m[38;5;241m.[39mraw:
[1;32m    914[0m     [38;5;28;01mreturn[39;00m [38;5;28mself[39m[38;5;241m.[39mapply_raw(engine[38;5;241m=[39m[38;5;28mself[39m[38;5;241m.[39mengine, engine_kwargs[38;5;241m=[39m[38;5;28mself[39m[38;5;241m.[39mengine_kwargs)
[0;32m--> 916[0m [38;5;28;01mreturn[39;00m [38;5;28;43mself[39;49m[38;5;241;43m.[39;49m[43mapply_standard[49m[43m([49m[43m)[49m

File [0;32m~/.cache/pypoetry/virtualenvs/mtbp3-STzYEG9e-py3.10/lib/python3.10/site-packages/pandas/core/apply.py:1063[0m, in [0;36mFrameApply.apply_standard[0;34m(self)[0m
[1;32m   1061[0m [38;5;28;01mdef[39;00m [38;5;21mapply_standard[39m([38;5;28mself[39m):
[1;32m   1062[0m     [38;5;28;01mif[39;00m [38;5;28mself[39m[38;5;241m.[39mengine [38;5;241m==[39m [38;5;124m"[39m[38;5;124mpython[39m[38;5;124m"[39m:
[0;32m-> 1063[0m         results, res_index [38;5;241m=[39m [38;5;28;43mself[39;49m[38;5;241;43m.[39;49m[43mapply_series_generator[49m[43m([49m[43m)[49m
[1;32m   1064[0m     [38;5;28;01melse[39;00m:
[1;32m   1065[0m         results, res_index [38;5;241m=[39m [38;5;28mself[39m[38;5;241m.[39mapply_series_numba()

File [0;32m~/.cache/pypoetry/virtualenvs/mtbp3-STzYEG9e-py3.10/lib/python3.10/site-packages/pandas/core/apply.py:1081[0m, in [0;36mFrameApply.apply_series_generator[0;34m(self)[0m
[1;32m   1078[0m [38;5;28;01mwith[39;00m option_context([38;5;124m"[39m[38;5;124mmode.chained_assignment[39m[38;5;124m"[39m, [38;5;28;01mNone[39;00m):
[1;32m   1079[0m     [38;5;28;01mfor[39;00m i, v [38;5;129;01min[39;00m [38;5;28menumerate[39m(series_gen):
[1;32m   1080[0m         [38;5;66;03m# ignore SettingWithCopy here in case the user mutates[39;00m
[0;32m-> 1081[0m         results[i] [38;5;241m=[39m [38;5;28;43mself[39;49m[38;5;241;43m.[39;49m[43mfunc[49m[43m([49m[43mv[49m[43m,[49m[43m [49m[38;5;241;43m*[39;49m[38;5;28;43mself[39;49m[38;5;241;43m.[39;49m[43margs[49m[43m,[49m[43m [49m[38;5;241;43m*[39;49m[38;5;241;43m*[39;49m[38;5;28;43mself[39;49m[38;5;241;43m.[39;49m[43mkwargs[49m[43m)[49m
[1;32m   1082[0m         [38;5;28;01mif[39;00m [38;5;28misinstance[39m(results[i], ABCSeries):
[1;32m   1083[0m             [38;5;66;03m# If we have a view on v, we need to make a copy because[39;00m
[1;32m   1084[0m             [38;5;66;03m#  series_generator will swap out the underlying data[39;00m
[1;32m   1085[0m             results[i] [38;5;241m=[39m results[i][38;5;241m.[39mcopy(deep[38;5;241m=[39m[38;5;28;01mFalse[39;00m)

File [0;32m~/work/mtbp3/mtbp3/mtbp3/seq/ictvvmrview.py:115[0m, in [0;36mictvvmr.make_narrow.<locals>.<lambda>[0;34m(row)[0m
[1;32m    113[0m     index1 [38;5;241m=[39m vmr[38;5;241m.[39mcolumns[38;5;241m.[39mget_loc([38;5;124m'[39m[38;5;124mVirus name(s)[39m[38;5;124m'[39m)
[1;32m    114[0m     index2 [38;5;241m=[39m vmr[38;5;241m.[39mcolumns[38;5;241m.[39mget_loc([38;5;124m'[39m[38;5;124mVirus isolate designation[39m[38;5;124m'[39m)
[0;32m--> 115[0m     vmr[38;5;241m.[39miloc[:, index1] [38;5;241m=[39m vmr[38;5;241m.[39mapply([38;5;28;01mlambda[39;00m row: row[index1][38;5;241m.[39mreplace([38;5;124m'[39m[38;5;124m\[39m[38;5;124m/[39m[38;5;124m'[39m, [38;5;124m'[39m[38;5;124m_[39m[38;5;124m'[39m) [38;5;28;01mif[39;00m [38;5;28misinstance[39m([43mrow[49m[43m[[49m[43mindex1[49m[43m][49m, [38;5;28mstr[39m) [38;5;28;01melse[39;00m row[index1])
[1;32m    116[0m     vmr[38;5;241m.[39miloc[:, index2] [38;5;241m=[39m vmr[38;5;241m.[39mapply([38;5;28;01mlambda[39;00m row: row[index2][38;5;241m.[39mreplace([38;5;124m'[39m[38;5;124m\[39m[38;5;124m/[39m[38;5;124m'[39m, [38;5;124m'[39m[38;5;124m_[39m[38;5;124m'[39m) [38;5;28;01mif[39;00m [38;5;28misinstance[39m(row[index2], [38;5;28mstr[39m) [38;5;28;01melse[39;00m row[index2])
[1;32m    117[0m [38;5;28;01mif[39;00m [38;5;124m'[39m[38;5;124mVirus name(s)[39m[38;5;124m'[39m [38;5;129;01min[39;00m vmr[38;5;241m.[39mcolumns [38;5;129;01mand[39;00m [38;5;124m'[39m[38;5;124mVirus isolate designation[39m[38;5;124m'[39m [38;5;129;01min[39;00m vmr[38;5;241m.[39mcolumns [38;5;129;01mand[39;00m [38;5;124m'[39m[38;5;124mVirus GENBANK accession[39m[38;5;124m'[39m [38;5;129;01min[39;00m vmr[38;5;241m.[39mcolumns [38;5;129;01mand[39;00m [38;5;124m'[39m[38;5;124mExemplar or additional isolate[39m[38;5;124m'[39m [38;5;129;01min[39;00m vmr[38;5;241m.[39mcolumns:

File [0;32m~/.cache/pypoetry/virtualenvs/mtbp3-STzYEG9e-py3.10/lib/python3.10/site-packages/pandas/core/series.py:1121[0m, in [0;36mSeries.__getitem__[0;34m(self, key)[0m
[1;32m   1118[0m     [38;5;28;01mreturn[39;00m [38;5;28mself[39m[38;5;241m.[39m_values[key]
[1;32m   1120[0m [38;5;28;01melif[39;00m key_is_scalar:
[0;32m-> 1121[0m     [38;5;28;01mreturn[39;00m [38;5;28;43mself[39;49m[38;5;241;43m.[39;49m[43m_get_value[49m[43m([49m[43mkey[49m[43m)[49m
[1;32m   1123[0m [38;5;66;03m# Convert generator to list before going through hashable part[39;00m
[1;32m   1124[0m [38;5;66;03m# (We will iterate through the generator there to check for slices)[39;00m
[1;32m   1125[0m [38;5;28;01mif[39;00m is_iterator(key):

File [0;32m~/.cache/pypoetry/virtualenvs/mtbp3-STzYEG9e-py3.10/lib/python3.10/site-packages/pandas/core/series.py:1237[0m, in [0;36mSeries._get_value[0;34m(self, label, takeable)[0m
[1;32m   1234[0m     [38;5;28;01mreturn[39;00m [38;5;28mself[39m[38;5;241m.[39m_values[label]
[1;32m   1236[0m [38;5;66;03m# Similar to Index.get_value, but we do not fall back to positional[39;00m
[0;32m-> 1237[0m loc [38;5;241m=[39m [38;5;28;43mself[39;49m[38;5;241;43m.[39;49m[43mindex[49m[38;5;241;43m.[39;49m[43mget_loc[49m[43m([49m[43mlabel[49m[43m)[49m
[1;32m   1239[0m [38;5;28;01mif[39;00m is_integer(loc):
[1;32m   1240[0m     [38;5;28;01mreturn[39;00m [38;5;28mself[39m[38;5;241m.[39m_values[loc]

File [0;32m~/.cache/pypoetry/virtualenvs/mtbp3-STzYEG9e-py3.10/lib/python3.10/site-packages/pandas/core/indexes/base.py:3812[0m, in [0;36mIndex.get_loc[0;34m(self, key)[0m
[1;32m   3807[0m     [38;5;28;01mif[39;00m [38;5;28misinstance[39m(casted_key, [38;5;28mslice[39m) [38;5;129;01mor[39;00m (
[1;32m   3808[0m         [38;5;28misinstance[39m(casted_key, abc[38;5;241m.[39mIterable)
[1;32m   3809[0m         [38;5;129;01mand[39;00m [38;5;28many[39m([38;5;28misinstance[39m(x, [38;5;28mslice[39m) [38;5;28;01mfor[39;00m x [38;5;129;01min[39;00m casted_key)
[1;32m   3810[0m     ):
[1;32m   3811[0m         [38;5;28;01mraise[39;00m InvalidIndexError(key)
[0;32m-> 3812[0m     [38;5;28;01mraise[39;00m [38;5;167;01mKeyError[39;00m(key) [38;5;28;01mfrom[39;00m [38;5;21;01merr[39;00m
[1;32m   3813[0m [38;5;28;01mexcept[39;00m [38;5;167;01mTypeError[39;00m:
[1;32m   3814[0m     [38;5;66;03m# If we have a listlike key, _check_indexing_error will raise[39;00m
[1;32m   3815[0m     [38;5;66;03m#  InvalidIndexError. Otherwise we fall through and re-raise[39;00m
[1;32m   3816[0m     [38;5;66;03m#  the TypeError.[39;00m
[1;32m   3817[0m     [38;5;28mself[39m[38;5;241m.[39m_check_indexing_error(key)

[0;31mKeyError[0m: 19

